2020-03-11 19:53:26.640  INFO 3120 --- [restartedMain] com.zw.EurekaApp                         : No active profile set, falling back to default profiles: default
2020-03-11 19:53:26.657  INFO 3120 --- [restartedMain] ConfigServletWebServerApplicationContext : Refreshing org.springframework.boot.web.servlet.context.AnnotationConfigServletWebServerApplicationContext@1ebae60: startup date [Wed Mar 11 19:53:26 CST 2020]; parent: org.springframework.context.annotation.AnnotationConfigApplicationContext@5c1853e7
2020-03-11 19:53:28.361  INFO 3120 --- [restartedMain] o.s.cloud.context.scope.GenericScope     : BeanFactory id=a90cafc0-71a1-3b2a-9fbb-4dad67d891d2
2020-03-11 19:53:28.374  INFO 3120 --- [restartedMain] f.a.AutowiredAnnotationBeanPostProcessor : JSR-330 'javax.inject.Inject' annotation found and supported for autowiring
2020-03-11 19:53:28.461  INFO 3120 --- [restartedMain] trationDelegate$BeanPostProcessorChecker : Bean 'org.springframework.cloud.autoconfigure.ConfigurationPropertiesRebinderAutoConfiguration' of type [org.springframework.cloud.autoconfigure.ConfigurationPropertiesRebinderAutoConfiguration$$EnhancerBySpringCGLIB$$b59ad789] is not eligible for getting processed by all BeanPostProcessors (for example: not eligible for auto-proxying)
2020-03-11 19:53:28.937  INFO 3120 --- [restartedMain] o.s.b.w.embedded.tomcat.TomcatWebServer  : Tomcat initialized with port(s): 7001 (http)
2020-03-11 19:53:28.962  INFO 3120 --- [restartedMain] o.apache.catalina.core.StandardService   : Starting service [Tomcat]
2020-03-11 19:53:28.962  INFO 3120 --- [restartedMain] org.apache.catalina.core.StandardEngine  : Starting Servlet Engine: Apache Tomcat/8.5.35
2020-03-11 19:53:28.967  INFO 3120 --- [localhost-startStop-1] o.a.catalina.core.AprLifecycleListener   : The APR based Apache Tomcat Native library which allows optimal performance in production environments was not found on the java.library.path: [C:\Program Files\Java\jre1.8.0_201\bin;C:\WINDOWS\Sun\Java\bin;C:\WINDOWS\system32;C:\WINDOWS;C:/Program Files/Java/jre1.8.0_201/bin/server;C:/Program Files/Java/jre1.8.0_201/bin;C:/Program Files/Java/jre1.8.0_201/lib/amd64;C:\Program Files (x86)\Common Files\Oracle\Java\javapath;C:\ProgramData\Oracle\Java\javapath;C:\Windows\system32;C:\Windows;C:\Windows\System32\Wbem;C:\Windows\System32\WindowsPowerShell\v1.0\;C:\Windows\System32\OpenSSH\;C:\Program Files\dotnet\;C:\Program Files\Java\jdk1.8.0_201\bin;C:\Program Files (x86)\Apache\apache-maven-3.5.0\bin\;C:\Program Files\Java\jdk1.8.0_201\jre\bin;D:\Program Files\nodejs\;D:\Program Files\nodejs\node_global;C:\Program Files\erl8.2\bin;C:\Program Files\RabbitMQ Server\rabbitmq_server-3.6.6\sbin;C:\Program Files\RabbitMQ Server\rabbitmq_server-3.6.6\ebin;C:\WINDOWS\system32;C:\WINDOWS;C:\WINDOWS\System32\Wbem;C:\WINDOWS\System32\WindowsPowerShell\v1.0\;C:\WINDOWS\System32\OpenSSH\;C:\Program Files (x86)\NVIDIA Corporation\PhysX\Common;C:\Program Files\Redis\;C:\Program Files\Git\cmd;C:\Users\37505\AppData\Local\Microsoft\WindowsApps;;C:\Program Files\Docker Toolbox;C:\Users\37505\AppData\Roaming\npm;C:\Program Files\JetBrains\IntelliJ IDEA 2019.3.3\bin;;C:\Program Files\sts-4.5.1.RELEASE;;.]
2020-03-11 19:53:29.137  INFO 3120 --- [localhost-startStop-1] o.a.c.c.C.[Tomcat].[localhost].[/]       : Initializing Spring embedded WebApplicationContext
2020-03-11 19:53:29.139  INFO 3120 --- [localhost-startStop-1] o.s.web.context.ContextLoader            : Root WebApplicationContext: initialization completed in 2482 ms
2020-03-11 19:53:29.337  WARN 3120 --- [localhost-startStop-1] c.n.c.sources.URLConfigurationSource     : No URLs will be polled as dynamic configuration sources.
2020-03-11 19:53:29.338  INFO 3120 --- [localhost-startStop-1] c.n.c.sources.URLConfigurationSource     : To enable URLs as dynamic configuration sources, define System property archaius.configurationSource.additionalUrls or make config.properties available on classpath.
2020-03-11 19:53:29.349  INFO 3120 --- [localhost-startStop-1] c.netflix.config.DynamicPropertyFactory  : DynamicPropertyFactory is initialized with configuration sources: com.netflix.config.ConcurrentCompositeConfiguration@7d944c92
2020-03-11 19:53:31.098  INFO 3120 --- [localhost-startStop-1] o.s.cloud.commons.util.InetUtils         : Cannot determine local hostname
2020-03-11 19:53:32.389  INFO 3120 --- [localhost-startStop-1] o.s.cloud.commons.util.InetUtils         : Cannot determine local hostname
2020-03-11 19:53:32.854  INFO 3120 --- [localhost-startStop-1] o.s.b.w.servlet.FilterRegistrationBean   : Mapping filter: 'characterEncodingFilter' to: [/*]
2020-03-11 19:53:32.855  INFO 3120 --- [localhost-startStop-1] o.s.b.w.servlet.FilterRegistrationBean   : Mapping filter: 'webMvcMetricsFilter' to: [/*]
2020-03-11 19:53:32.855  INFO 3120 --- [localhost-startStop-1] o.s.b.w.servlet.FilterRegistrationBean   : Mapping filter: 'hiddenHttpMethodFilter' to: [/*]
2020-03-11 19:53:32.856  INFO 3120 --- [localhost-startStop-1] o.s.b.w.servlet.FilterRegistrationBean   : Mapping filter: 'httpPutFormContentFilter' to: [/*]
2020-03-11 19:53:32.856  INFO 3120 --- [localhost-startStop-1] o.s.b.w.servlet.FilterRegistrationBean   : Mapping filter: 'requestContextFilter' to: [/*]
2020-03-11 19:53:32.856  INFO 3120 --- [localhost-startStop-1] .s.DelegatingFilterProxyRegistrationBean : Mapping filter: 'springSecurityFilterChain' to: [/*]
2020-03-11 19:53:32.857  INFO 3120 --- [localhost-startStop-1] o.s.b.w.servlet.FilterRegistrationBean   : Mapping filter: 'httpTraceFilter' to: [/*]
2020-03-11 19:53:32.857  INFO 3120 --- [localhost-startStop-1] o.s.b.w.servlet.FilterRegistrationBean   : Mapping filter: 'servletContainer' to urls: [/eureka/*]
2020-03-11 19:53:32.857  INFO 3120 --- [localhost-startStop-1] o.s.b.w.servlet.ServletRegistrationBean  : Servlet dispatcherServlet mapped to [/]
2020-03-11 19:53:32.936  INFO 3120 --- [localhost-startStop-1] c.s.j.s.i.a.WebApplicationImpl           : Initiating Jersey application, version 'Jersey: 1.19.1 03/11/2016 02:08 PM'
2020-03-11 19:53:32.974  INFO 3120 --- [localhost-startStop-1] c.n.d.provider.DiscoveryJerseyProvider   : Using JSON encoding codec LegacyJacksonJson
2020-03-11 19:53:32.974  INFO 3120 --- [localhost-startStop-1] c.n.d.provider.DiscoveryJerseyProvider   : Using JSON decoding codec LegacyJacksonJson
2020-03-11 19:53:32.974  INFO 3120 --- [localhost-startStop-1] c.n.d.provider.DiscoveryJerseyProvider   : Using XML encoding codec XStreamXml
2020-03-11 19:53:32.974  INFO 3120 --- [localhost-startStop-1] c.n.d.provider.DiscoveryJerseyProvider   : Using XML decoding codec XStreamXml
2020-03-11 19:53:33.315  WARN 3120 --- [restartedMain] c.n.c.sources.URLConfigurationSource     : No URLs will be polled as dynamic configuration sources.
2020-03-11 19:53:33.315  INFO 3120 --- [restartedMain] c.n.c.sources.URLConfigurationSource     : To enable URLs as dynamic configuration sources, define System property archaius.configurationSource.additionalUrls or make config.properties available on classpath.
2020-03-11 19:53:33.402  INFO 3120 --- [restartedMain] o.s.w.s.handler.SimpleUrlHandlerMapping  : Mapped URL path [/**/favicon.ico] onto handler of type [class org.springframework.web.servlet.resource.ResourceHttpRequestHandler]
2020-03-11 19:53:33.588  INFO 3120 --- [restartedMain] s.w.s.m.m.a.RequestMappingHandlerAdapter : Looking for @ControllerAdvice: org.springframework.boot.web.servlet.context.AnnotationConfigServletWebServerApplicationContext@1ebae60: startup date [Wed Mar 11 19:53:26 CST 2020]; parent: org.springframework.context.annotation.AnnotationConfigApplicationContext@5c1853e7
2020-03-11 19:53:33.652  INFO 3120 --- [restartedMain] s.w.s.m.m.a.RequestMappingHandlerMapping : Mapped "{[/error]}" onto public org.springframework.http.ResponseEntity<java.util.Map<java.lang.String, java.lang.Object>> org.springframework.boot.autoconfigure.web.servlet.error.BasicErrorController.error(javax.servlet.http.HttpServletRequest)
2020-03-11 19:53:33.653  INFO 3120 --- [restartedMain] s.w.s.m.m.a.RequestMappingHandlerMapping : Mapped "{[/error],produces=[text/html]}" onto public org.springframework.web.servlet.ModelAndView org.springframework.boot.autoconfigure.web.servlet.error.BasicErrorController.errorHtml(javax.servlet.http.HttpServletRequest,javax.servlet.http.HttpServletResponse)
2020-03-11 19:53:33.660  INFO 3120 --- [restartedMain] s.w.s.m.m.a.RequestMappingHandlerMapping : Mapped "{[/],methods=[GET]}" onto public java.lang.String org.springframework.cloud.netflix.eureka.server.EurekaController.status(javax.servlet.http.HttpServletRequest,java.util.Map<java.lang.String, java.lang.Object>)
2020-03-11 19:53:33.661  INFO 3120 --- [restartedMain] s.w.s.m.m.a.RequestMappingHandlerMapping : Mapped "{[/lastn],methods=[GET]}" onto public java.lang.String org.springframework.cloud.netflix.eureka.server.EurekaController.lastn(javax.servlet.http.HttpServletRequest,java.util.Map<java.lang.String, java.lang.Object>)
2020-03-11 19:53:33.692  INFO 3120 --- [restartedMain] o.s.w.s.handler.SimpleUrlHandlerMapping  : Mapped URL path [/webjars/**] onto handler of type [class org.springframework.web.servlet.resource.ResourceHttpRequestHandler]
2020-03-11 19:53:33.692  INFO 3120 --- [restartedMain] o.s.w.s.handler.SimpleUrlHandlerMapping  : Mapped URL path [/**] onto handler of type [class org.springframework.web.servlet.resource.ResourceHttpRequestHandler]
2020-03-11 19:53:34.126  INFO 3120 --- [restartedMain] o.s.ui.freemarker.SpringTemplateLoader   : SpringTemplateLoader for FreeMarker: using resource loader [org.springframework.boot.web.servlet.context.AnnotationConfigServletWebServerApplicationContext@1ebae60: startup date [Wed Mar 11 19:53:26 CST 2020]; parent: org.springframework.context.annotation.AnnotationConfigApplicationContext@5c1853e7] and template loader path [classpath:/templates/]
2020-03-11 19:53:34.127  INFO 3120 --- [restartedMain] o.s.w.s.v.f.FreeMarkerConfigurer         : ClassTemplateLoader for Spring macros added to FreeMarker configuration
2020-03-11 19:53:34.403  INFO 3120 --- [restartedMain] o.s.s.web.DefaultSecurityFilterChain     : Creating filter chain: org.springframework.security.web.util.matcher.AnyRequestMatcher@1, [org.springframework.security.web.context.request.async.WebAsyncManagerIntegrationFilter@347cf580, org.springframework.security.web.context.SecurityContextPersistenceFilter@2eae60f4, org.springframework.security.web.header.HeaderWriterFilter@114afecb, org.springframework.security.web.authentication.logout.LogoutFilter@c788c16, org.springframework.security.web.authentication.UsernamePasswordAuthenticationFilter@7bdcc32b, org.springframework.security.web.authentication.ui.DefaultLoginPageGeneratingFilter@4a725bbb, org.springframework.security.web.authentication.www.BasicAuthenticationFilter@1a486977, org.springframework.security.web.savedrequest.RequestCacheAwareFilter@eb3018d, org.springframework.security.web.servletapi.SecurityContextHolderAwareRequestFilter@54960d6f, org.springframework.security.web.authentication.AnonymousAuthenticationFilter@39f14f5b, org.springframework.security.web.session.SessionManagementFilter@3318842f, org.springframework.security.web.access.ExceptionTranslationFilter@781ad0c0, org.springframework.security.web.access.intercept.FilterSecurityInterceptor@79763f88]
2020-03-11 19:53:34.436  INFO 3120 --- [restartedMain] o.s.b.a.e.web.EndpointLinksResolver      : Exposing 2 endpoint(s) beneath base path '/actuator'
2020-03-11 19:53:34.450  INFO 3120 --- [restartedMain] s.b.a.e.w.s.WebMvcEndpointHandlerMapping : Mapped "{[/actuator/health],methods=[GET],produces=[application/vnd.spring-boot.actuator.v2+json || application/json]}" onto public java.lang.Object org.springframework.boot.actuate.endpoint.web.servlet.AbstractWebMvcEndpointHandlerMapping$OperationHandler.handle(javax.servlet.http.HttpServletRequest,java.util.Map<java.lang.String, java.lang.String>)
2020-03-11 19:53:34.451  INFO 3120 --- [restartedMain] s.b.a.e.w.s.WebMvcEndpointHandlerMapping : Mapped "{[/actuator/info],methods=[GET],produces=[application/vnd.spring-boot.actuator.v2+json || application/json]}" onto public java.lang.Object org.springframework.boot.actuate.endpoint.web.servlet.AbstractWebMvcEndpointHandlerMapping$OperationHandler.handle(javax.servlet.http.HttpServletRequest,java.util.Map<java.lang.String, java.lang.String>)
2020-03-11 19:53:34.452  INFO 3120 --- [restartedMain] s.b.a.e.w.s.WebMvcEndpointHandlerMapping : Mapped "{[/actuator],methods=[GET],produces=[application/vnd.spring-boot.actuator.v2+json || application/json]}" onto protected java.util.Map<java.lang.String, java.util.Map<java.lang.String, org.springframework.boot.actuate.endpoint.web.Link>> org.springframework.boot.actuate.endpoint.web.servlet.WebMvcEndpointHandlerMapping.links(javax.servlet.http.HttpServletRequest,javax.servlet.http.HttpServletResponse)
2020-03-11 19:53:34.522  INFO 3120 --- [restartedMain] o.s.b.d.a.OptionalLiveReloadServer       : LiveReload server is running on port 35729
2020-03-11 19:53:34.634  INFO 3120 --- [restartedMain] com.netflix.discovery.DiscoveryClient    : Shutting down DiscoveryClient ...
2020-03-11 19:53:34.641  INFO 3120 --- [restartedMain] com.netflix.discovery.DiscoveryClient    : Completed shut down of DiscoveryClient
2020-03-11 19:53:34.666  INFO 3120 --- [restartedMain] o.s.c.n.eureka.InstanceInfoFactory       : Setting initial instance status as: STARTING
2020-03-11 19:53:34.669  INFO 3120 --- [restartedMain] com.netflix.discovery.DiscoveryClient    : Initializing Eureka in region us-east-1
2020-03-11 19:53:34.669  INFO 3120 --- [restartedMain] com.netflix.discovery.DiscoveryClient    : Client configured to neither register nor query for data.
2020-03-11 19:53:34.670  INFO 3120 --- [restartedMain] com.netflix.discovery.DiscoveryClient    : Discovery Client initialized at timestamp 1583927614670 with initial instances count: 0
2020-03-11 19:53:34.711  INFO 3120 --- [restartedMain] c.n.eureka.DefaultEurekaServerContext    : Initializing ...
2020-03-11 19:53:34.712  INFO 3120 --- [restartedMain] c.n.eureka.cluster.PeerEurekaNodes       : Adding new peer nodes [http://localhost:7001/eureka/]
2020-03-11 19:53:34.715  INFO 3120 --- [restartedMain] c.n.d.provider.DiscoveryJerseyProvider   : Using JSON encoding codec LegacyJacksonJson
2020-03-11 19:53:34.716  INFO 3120 --- [restartedMain] c.n.d.provider.DiscoveryJerseyProvider   : Using JSON decoding codec LegacyJacksonJson
2020-03-11 19:53:34.716  INFO 3120 --- [restartedMain] c.n.d.provider.DiscoveryJerseyProvider   : Using XML encoding codec XStreamXml
2020-03-11 19:53:34.716  INFO 3120 --- [restartedMain] c.n.d.provider.DiscoveryJerseyProvider   : Using XML decoding codec XStreamXml
2020-03-11 19:53:34.792  INFO 3120 --- [restartedMain] c.n.eureka.cluster.PeerEurekaNodes       : Replica node URL:  http://localhost:7001/eureka/
2020-03-11 19:53:34.799  INFO 3120 --- [restartedMain] c.n.e.registry.AbstractInstanceRegistry  : Finished initializing remote region registries. All known remote regions: []
2020-03-11 19:53:34.800  INFO 3120 --- [restartedMain] c.n.eureka.DefaultEurekaServerContext    : Initialized
2020-03-11 19:53:34.845  INFO 3120 --- [restartedMain] o.s.j.e.a.AnnotationMBeanExporter        : Registering beans for JMX exposure on startup
2020-03-11 19:53:34.853  INFO 3120 --- [restartedMain] o.s.j.e.a.AnnotationMBeanExporter        : Bean with name 'environmentManager' has been autodetected for JMX exposure
2020-03-11 19:53:34.854  INFO 3120 --- [restartedMain] o.s.j.e.a.AnnotationMBeanExporter        : Bean with name 'refreshScope' has been autodetected for JMX exposure
2020-03-11 19:53:34.856  INFO 3120 --- [restartedMain] o.s.j.e.a.AnnotationMBeanExporter        : Bean with name 'configurationPropertiesRebinder' has been autodetected for JMX exposure
2020-03-11 19:53:34.859  INFO 3120 --- [restartedMain] o.s.j.e.a.AnnotationMBeanExporter        : Located managed bean 'environmentManager': registering with JMX server as MBean [org.springframework.cloud.context.environment:name=environmentManager,type=EnvironmentManager]
2020-03-11 19:53:34.867  INFO 3120 --- [restartedMain] o.s.j.e.a.AnnotationMBeanExporter        : Located managed bean 'refreshScope': registering with JMX server as MBean [org.springframework.cloud.context.scope.refresh:name=refreshScope,type=RefreshScope]
2020-03-11 19:53:34.879  INFO 3120 --- [restartedMain] o.s.j.e.a.AnnotationMBeanExporter        : Located managed bean 'configurationPropertiesRebinder': registering with JMX server as MBean [org.springframework.cloud.context.properties:name=configurationPropertiesRebinder,context=1ebae60,type=ConfigurationPropertiesRebinder]
2020-03-11 19:53:34.898  INFO 3120 --- [restartedMain] o.s.c.support.DefaultLifecycleProcessor  : Starting beans in phase 0
2020-03-11 19:53:34.898  INFO 3120 --- [restartedMain] o.s.c.n.e.s.EurekaServiceRegistry        : Registering application microcloud-eureka1-application with eureka with status UP
2020-03-11 19:53:34.901  INFO 3120 --- [Thread-19] o.s.c.n.e.server.EurekaServerBootstrap   : Setting the eureka configuration..
2020-03-11 19:53:34.901  INFO 3120 --- [Thread-19] o.s.c.n.e.server.EurekaServerBootstrap   : Eureka data center value eureka.datacenter is not set, defaulting to default
2020-03-11 19:53:34.902  INFO 3120 --- [Thread-19] o.s.c.n.e.server.EurekaServerBootstrap   : Eureka environment value eureka.environment is not set, defaulting to test
2020-03-11 19:53:34.913  INFO 3120 --- [Thread-19] o.s.c.n.e.server.EurekaServerBootstrap   : isAws returned false
2020-03-11 19:53:34.914  INFO 3120 --- [Thread-19] o.s.c.n.e.server.EurekaServerBootstrap   : Initialized server context
2020-03-11 19:53:34.914  INFO 3120 --- [Thread-19] c.n.e.r.PeerAwareInstanceRegistryImpl    : Got 1 instances from neighboring DS node
2020-03-11 19:53:34.914  INFO 3120 --- [Thread-19] c.n.e.r.PeerAwareInstanceRegistryImpl    : Renew threshold is: 1
2020-03-11 19:53:34.914  INFO 3120 --- [Thread-19] c.n.e.r.PeerAwareInstanceRegistryImpl    : Changing status to UP
2020-03-11 19:53:34.919  INFO 3120 --- [Thread-19] e.s.EurekaServerInitializerConfiguration : Started Eureka Server
2020-03-11 19:53:34.935  INFO 3120 --- [restartedMain] o.s.b.w.embedded.tomcat.TomcatWebServer  : Tomcat started on port(s): 7001 (http) with context path ''
2020-03-11 19:53:34.936  INFO 3120 --- [restartedMain] .s.c.n.e.s.EurekaAutoServiceRegistration : Updating port to 7001
2020-03-11 19:53:34.939  INFO 3120 --- [restartedMain] com.zw.EurekaApp                         : Started EurekaApp in 25.305 seconds (JVM running for 26.352)
2020-03-11 19:54:10.765  INFO 3120 --- [http-nio-7001-exec-1] o.a.c.c.C.[Tomcat].[localhost].[/]       : Initializing Spring FrameworkServlet 'dispatcherServlet'
2020-03-11 19:54:10.765  INFO 3120 --- [http-nio-7001-exec-1] o.s.web.servlet.DispatcherServlet        : FrameworkServlet 'dispatcherServlet': initialization started
2020-03-11 19:54:10.814  INFO 3120 --- [http-nio-7001-exec-1] o.s.web.servlet.DispatcherServlet        : FrameworkServlet 'dispatcherServlet': initialization completed in 49 ms
2020-03-11 19:54:11.229  INFO 3120 --- [http-nio-7001-exec-2] c.n.e.registry.AbstractInstanceRegistry  : Registered instance MICROCLOUD-PROVIDER-USER/microcloud-provider-user with status UP (replication=false)
2020-03-11 19:54:11.809 ERROR 3120 --- [TaskBatchingWorker-target_localhost-4] c.n.e.cluster.ReplicationTaskProcessor   : Batch update failure with HTTP status code 401; discarding 1 replication tasks
2020-03-11 19:54:11.810  WARN 3120 --- [TaskBatchingWorker-target_localhost-4] c.n.eureka.util.batcher.TaskExecutors    : Discarding 1 tasks of TaskBatchingWorker-target_localhost-4 due to permanent error
2020-03-11 19:54:13.653  INFO 3120 --- [http-nio-7001-exec-5] c.n.e.registry.AbstractInstanceRegistry  : Registered instance MICROCLOUD-PROVIDER-PRODUCT/microcloud-provider-product-instance1 with status UP (replication=false)
2020-03-11 19:54:14.170 ERROR 3120 --- [TaskBatchingWorker-target_localhost-4] c.n.e.cluster.ReplicationTaskProcessor   : Batch update failure with HTTP status code 401; discarding 1 replication tasks
2020-03-11 19:54:14.170  WARN 3120 --- [TaskBatchingWorker-target_localhost-4] c.n.eureka.util.batcher.TaskExecutors    : Discarding 1 tasks of TaskBatchingWorker-target_localhost-4 due to permanent error
2020-03-11 19:54:21.473  INFO 3120 --- [http-nio-7001-exec-8] c.n.e.registry.AbstractInstanceRegistry  : Registered instance MICROCLOUD-ZUUL-APPLICATION/microcloud-zuul-instance with status UP (replication=false)
2020-03-11 19:54:21.989 ERROR 3120 --- [TaskBatchingWorker-target_localhost-4] c.n.e.cluster.ReplicationTaskProcessor   : Batch update failure with HTTP status code 401; discarding 1 replication tasks
2020-03-11 19:54:21.989  WARN 3120 --- [TaskBatchingWorker-target_localhost-4] c.n.eureka.util.batcher.TaskExecutors    : Discarding 1 tasks of TaskBatchingWorker-target_localhost-4 due to permanent error
2020-03-11 19:54:34.915  INFO 3120 --- [Eureka-EvictionTimer] c.n.e.registry.AbstractInstanceRegistry  : Running the evict task with compensationTime 0ms
2020-03-11 19:54:41.649 ERROR 3120 --- [TaskBatchingWorker-target_localhost-15] c.n.e.cluster.ReplicationTaskProcessor   : Batch update failure with HTTP status code 401; discarding 1 replication tasks
2020-03-11 19:54:41.649  WARN 3120 --- [TaskBatchingWorker-target_localhost-15] c.n.eureka.util.batcher.TaskExecutors    : Discarding 1 tasks of TaskBatchingWorker-target_localhost-15 due to permanent error
2020-03-11 19:54:44.137 ERROR 3120 --- [TaskBatchingWorker-target_localhost-15] c.n.e.cluster.ReplicationTaskProcessor   : Batch update failure with HTTP status code 401; discarding 1 replication tasks
2020-03-11 19:54:44.139  WARN 3120 --- [TaskBatchingWorker-target_localhost-15] c.n.eureka.util.batcher.TaskExecutors    : Discarding 1 tasks of TaskBatchingWorker-target_localhost-15 due to permanent error
2020-03-11 19:54:51.889 ERROR 3120 --- [TaskBatchingWorker-target_localhost-9] c.n.e.cluster.ReplicationTaskProcessor   : Batch update failure with HTTP status code 401; discarding 1 replication tasks
2020-03-11 19:54:51.889  WARN 3120 --- [TaskBatchingWorker-target_localhost-9] c.n.eureka.util.batcher.TaskExecutors    : Discarding 1 tasks of TaskBatchingWorker-target_localhost-9 due to permanent error
2020-03-11 19:55:11.685 ERROR 3120 --- [TaskBatchingWorker-target_localhost-19] c.n.e.cluster.ReplicationTaskProcessor   : Batch update failure with HTTP status code 401; discarding 1 replication tasks
2020-03-11 19:55:11.687  WARN 3120 --- [TaskBatchingWorker-target_localhost-19] c.n.eureka.util.batcher.TaskExecutors    : Discarding 1 tasks of TaskBatchingWorker-target_localhost-19 due to permanent error
2020-03-11 19:55:14.138 ERROR 3120 --- [TaskBatchingWorker-target_localhost-15] c.n.e.cluster.ReplicationTaskProcessor   : Batch update failure with HTTP status code 401; discarding 1 replication tasks
2020-03-11 19:55:14.138  WARN 3120 --- [TaskBatchingWorker-target_localhost-15] c.n.eureka.util.batcher.TaskExecutors    : Discarding 1 tasks of TaskBatchingWorker-target_localhost-15 due to permanent error
2020-03-11 19:55:21.904 ERROR 3120 --- [TaskBatchingWorker-target_localhost-9] c.n.e.cluster.ReplicationTaskProcessor   : Batch update failure with HTTP status code 401; discarding 1 replication tasks
2020-03-11 19:55:21.905  WARN 3120 --- [TaskBatchingWorker-target_localhost-9] c.n.eureka.util.batcher.TaskExecutors    : Discarding 1 tasks of TaskBatchingWorker-target_localhost-9 due to permanent error
2020-03-11 19:55:34.916  INFO 3120 --- [Eureka-EvictionTimer] c.n.e.registry.AbstractInstanceRegistry  : Running the evict task with compensationTime 0ms
2020-03-11 19:55:41.685 ERROR 3120 --- [TaskBatchingWorker-target_localhost-19] c.n.e.cluster.ReplicationTaskProcessor   : Batch update failure with HTTP status code 401; discarding 1 replication tasks
2020-03-11 19:55:41.685  WARN 3120 --- [TaskBatchingWorker-target_localhost-19] c.n.eureka.util.batcher.TaskExecutors    : Discarding 1 tasks of TaskBatchingWorker-target_localhost-19 due to permanent error
2020-03-11 19:55:44.146 ERROR 3120 --- [TaskBatchingWorker-target_localhost-15] c.n.e.cluster.ReplicationTaskProcessor   : Batch update failure with HTTP status code 401; discarding 1 replication tasks
2020-03-11 19:55:44.146  WARN 3120 --- [TaskBatchingWorker-target_localhost-15] c.n.eureka.util.batcher.TaskExecutors    : Discarding 1 tasks of TaskBatchingWorker-target_localhost-15 due to permanent error
2020-03-11 19:55:51.901 ERROR 3120 --- [TaskBatchingWorker-target_localhost-13] c.n.e.cluster.ReplicationTaskProcessor   : Batch update failure with HTTP status code 401; discarding 1 replication tasks
2020-03-11 19:55:51.902  WARN 3120 --- [TaskBatchingWorker-target_localhost-13] c.n.eureka.util.batcher.TaskExecutors    : Discarding 1 tasks of TaskBatchingWorker-target_localhost-13 due to permanent error
2020-03-11 19:56:11.697 ERROR 3120 --- [TaskBatchingWorker-target_localhost-19] c.n.e.cluster.ReplicationTaskProcessor   : Batch update failure with HTTP status code 401; discarding 1 replication tasks
2020-03-11 19:56:11.697  WARN 3120 --- [TaskBatchingWorker-target_localhost-19] c.n.eureka.util.batcher.TaskExecutors    : Discarding 1 tasks of TaskBatchingWorker-target_localhost-19 due to permanent error
2020-03-11 19:56:14.156 ERROR 3120 --- [TaskBatchingWorker-target_localhost-15] c.n.e.cluster.ReplicationTaskProcessor   : Batch update failure with HTTP status code 401; discarding 1 replication tasks
2020-03-11 19:56:14.157  WARN 3120 --- [TaskBatchingWorker-target_localhost-15] c.n.eureka.util.batcher.TaskExecutors    : Discarding 1 tasks of TaskBatchingWorker-target_localhost-15 due to permanent error
2020-03-11 19:56:21.907 ERROR 3120 --- [TaskBatchingWorker-target_localhost-1] c.n.e.cluster.ReplicationTaskProcessor   : Batch update failure with HTTP status code 401; discarding 1 replication tasks
2020-03-11 19:56:21.907  WARN 3120 --- [TaskBatchingWorker-target_localhost-1] c.n.eureka.util.batcher.TaskExecutors    : Discarding 1 tasks of TaskBatchingWorker-target_localhost-1 due to permanent error
2020-03-11 19:56:34.916  INFO 3120 --- [Eureka-EvictionTimer] c.n.e.registry.AbstractInstanceRegistry  : Running the evict task with compensationTime 0ms
2020-03-11 19:56:41.714 ERROR 3120 --- [TaskBatchingWorker-target_localhost-19] c.n.e.cluster.ReplicationTaskProcessor   : Batch update failure with HTTP status code 401; discarding 1 replication tasks
2020-03-11 19:56:41.714  WARN 3120 --- [TaskBatchingWorker-target_localhost-19] c.n.eureka.util.batcher.TaskExecutors    : Discarding 1 tasks of TaskBatchingWorker-target_localhost-19 due to permanent error
2020-03-11 19:56:44.172 ERROR 3120 --- [TaskBatchingWorker-target_localhost-15] c.n.e.cluster.ReplicationTaskProcessor   : Batch update failure with HTTP status code 401; discarding 1 replication tasks
2020-03-11 19:56:44.173  WARN 3120 --- [TaskBatchingWorker-target_localhost-15] c.n.eureka.util.batcher.TaskExecutors    : Discarding 1 tasks of TaskBatchingWorker-target_localhost-15 due to permanent error
2020-03-11 19:56:51.914 ERROR 3120 --- [TaskBatchingWorker-target_localhost-1] c.n.e.cluster.ReplicationTaskProcessor   : Batch update failure with HTTP status code 401; discarding 1 replication tasks
2020-03-11 19:56:51.914  WARN 3120 --- [TaskBatchingWorker-target_localhost-1] c.n.eureka.util.batcher.TaskExecutors    : Discarding 1 tasks of TaskBatchingWorker-target_localhost-1 due to permanent error
2020-03-11 19:57:11.730 ERROR 3120 --- [TaskBatchingWorker-target_localhost-19] c.n.e.cluster.ReplicationTaskProcessor   : Batch update failure with HTTP status code 401; discarding 1 replication tasks
2020-03-11 19:57:11.730  WARN 3120 --- [TaskBatchingWorker-target_localhost-19] c.n.eureka.util.batcher.TaskExecutors    : Discarding 1 tasks of TaskBatchingWorker-target_localhost-19 due to permanent error
2020-03-11 19:57:14.179 ERROR 3120 --- [TaskBatchingWorker-target_localhost-15] c.n.e.cluster.ReplicationTaskProcessor   : Batch update failure with HTTP status code 401; discarding 1 replication tasks
2020-03-11 19:57:14.180  WARN 3120 --- [TaskBatchingWorker-target_localhost-15] c.n.eureka.util.batcher.TaskExecutors    : Discarding 1 tasks of TaskBatchingWorker-target_localhost-15 due to permanent error
2020-03-11 19:57:21.942 ERROR 3120 --- [TaskBatchingWorker-target_localhost-1] c.n.e.cluster.ReplicationTaskProcessor   : Batch update failure with HTTP status code 401; discarding 1 replication tasks
2020-03-11 19:57:21.944  WARN 3120 --- [TaskBatchingWorker-target_localhost-1] c.n.eureka.util.batcher.TaskExecutors    : Discarding 1 tasks of TaskBatchingWorker-target_localhost-1 due to permanent error
2020-03-11 19:57:34.917  INFO 3120 --- [Eureka-EvictionTimer] c.n.e.registry.AbstractInstanceRegistry  : Running the evict task with compensationTime 0ms
2020-03-11 19:57:41.734 ERROR 3120 --- [TaskBatchingWorker-target_localhost-19] c.n.e.cluster.ReplicationTaskProcessor   : Batch update failure with HTTP status code 401; discarding 1 replication tasks
2020-03-11 19:57:41.734  WARN 3120 --- [TaskBatchingWorker-target_localhost-19] c.n.eureka.util.batcher.TaskExecutors    : Discarding 1 tasks of TaskBatchingWorker-target_localhost-19 due to permanent error
2020-03-11 19:57:44.190 ERROR 3120 --- [TaskBatchingWorker-target_localhost-15] c.n.e.cluster.ReplicationTaskProcessor   : Batch update failure with HTTP status code 401; discarding 1 replication tasks
2020-03-11 19:57:44.190  WARN 3120 --- [TaskBatchingWorker-target_localhost-15] c.n.eureka.util.batcher.TaskExecutors    : Discarding 1 tasks of TaskBatchingWorker-target_localhost-15 due to permanent error
2020-03-11 19:57:51.942 ERROR 3120 --- [TaskBatchingWorker-target_localhost-18] c.n.e.cluster.ReplicationTaskProcessor   : Batch update failure with HTTP status code 401; discarding 1 replication tasks
2020-03-11 19:57:51.942  WARN 3120 --- [TaskBatchingWorker-target_localhost-18] c.n.eureka.util.batcher.TaskExecutors    : Discarding 1 tasks of TaskBatchingWorker-target_localhost-18 due to permanent error
2020-03-11 19:58:11.748 ERROR 3120 --- [TaskBatchingWorker-target_localhost-19] c.n.e.cluster.ReplicationTaskProcessor   : Batch update failure with HTTP status code 401; discarding 1 replication tasks
2020-03-11 19:58:11.750  WARN 3120 --- [TaskBatchingWorker-target_localhost-19] c.n.eureka.util.batcher.TaskExecutors    : Discarding 1 tasks of TaskBatchingWorker-target_localhost-19 due to permanent error
2020-03-11 19:58:14.185 ERROR 3120 --- [TaskBatchingWorker-target_localhost-15] c.n.e.cluster.ReplicationTaskProcessor   : Batch update failure with HTTP status code 401; discarding 1 replication tasks
2020-03-11 19:58:14.185  WARN 3120 --- [TaskBatchingWorker-target_localhost-15] c.n.eureka.util.batcher.TaskExecutors    : Discarding 1 tasks of TaskBatchingWorker-target_localhost-15 due to permanent error
2020-03-11 19:58:21.958 ERROR 3120 --- [TaskBatchingWorker-target_localhost-18] c.n.e.cluster.ReplicationTaskProcessor   : Batch update failure with HTTP status code 401; discarding 1 replication tasks
2020-03-11 19:58:21.958  WARN 3120 --- [TaskBatchingWorker-target_localhost-18] c.n.eureka.util.batcher.TaskExecutors    : Discarding 1 tasks of TaskBatchingWorker-target_localhost-18 due to permanent error
2020-03-11 19:58:34.917  INFO 3120 --- [Eureka-EvictionTimer] c.n.e.registry.AbstractInstanceRegistry  : Running the evict task with compensationTime 0ms
2020-03-11 19:58:41.769 ERROR 3120 --- [TaskBatchingWorker-target_localhost-19] c.n.e.cluster.ReplicationTaskProcessor   : Batch update failure with HTTP status code 401; discarding 1 replication tasks
2020-03-11 19:58:41.770  WARN 3120 --- [TaskBatchingWorker-target_localhost-19] c.n.eureka.util.batcher.TaskExecutors    : Discarding 1 tasks of TaskBatchingWorker-target_localhost-19 due to permanent error
2020-03-11 19:58:44.208 ERROR 3120 --- [TaskBatchingWorker-target_localhost-4] c.n.e.cluster.ReplicationTaskProcessor   : Batch update failure with HTTP status code 401; discarding 1 replication tasks
2020-03-11 19:58:44.209  WARN 3120 --- [TaskBatchingWorker-target_localhost-4] c.n.eureka.util.batcher.TaskExecutors    : Discarding 1 tasks of TaskBatchingWorker-target_localhost-4 due to permanent error
2020-03-11 19:58:51.968 ERROR 3120 --- [TaskBatchingWorker-target_localhost-18] c.n.e.cluster.ReplicationTaskProcessor   : Batch update failure with HTTP status code 401; discarding 1 replication tasks
2020-03-11 19:58:51.969  WARN 3120 --- [TaskBatchingWorker-target_localhost-18] c.n.eureka.util.batcher.TaskExecutors    : Discarding 1 tasks of TaskBatchingWorker-target_localhost-18 due to permanent error
2020-03-11 19:59:11.777 ERROR 3120 --- [TaskBatchingWorker-target_localhost-19] c.n.e.cluster.ReplicationTaskProcessor   : Batch update failure with HTTP status code 401; discarding 1 replication tasks
2020-03-11 19:59:11.779  WARN 3120 --- [TaskBatchingWorker-target_localhost-19] c.n.eureka.util.batcher.TaskExecutors    : Discarding 1 tasks of TaskBatchingWorker-target_localhost-19 due to permanent error
2020-03-11 19:59:14.230 ERROR 3120 --- [TaskBatchingWorker-target_localhost-15] c.n.e.cluster.ReplicationTaskProcessor   : Batch update failure with HTTP status code 401; discarding 1 replication tasks
2020-03-11 19:59:14.231  WARN 3120 --- [TaskBatchingWorker-target_localhost-15] c.n.eureka.util.batcher.TaskExecutors    : Discarding 1 tasks of TaskBatchingWorker-target_localhost-15 due to permanent error
2020-03-11 19:59:21.986 ERROR 3120 --- [TaskBatchingWorker-target_localhost-18] c.n.e.cluster.ReplicationTaskProcessor   : Batch update failure with HTTP status code 401; discarding 1 replication tasks
2020-03-11 19:59:21.987  WARN 3120 --- [TaskBatchingWorker-target_localhost-18] c.n.eureka.util.batcher.TaskExecutors    : Discarding 1 tasks of TaskBatchingWorker-target_localhost-18 due to permanent error
2020-03-11 19:59:34.918  INFO 3120 --- [Eureka-EvictionTimer] c.n.e.registry.AbstractInstanceRegistry  : Running the evict task with compensationTime 0ms
2020-03-11 19:59:41.776 ERROR 3120 --- [TaskBatchingWorker-target_localhost-19] c.n.e.cluster.ReplicationTaskProcessor   : Batch update failure with HTTP status code 401; discarding 1 replication tasks
2020-03-11 19:59:41.777  WARN 3120 --- [TaskBatchingWorker-target_localhost-19] c.n.eureka.util.batcher.TaskExecutors    : Discarding 1 tasks of TaskBatchingWorker-target_localhost-19 due to permanent error
2020-03-11 19:59:44.227 ERROR 3120 --- [TaskBatchingWorker-target_localhost-15] c.n.e.cluster.ReplicationTaskProcessor   : Batch update failure with HTTP status code 401; discarding 1 replication tasks
2020-03-11 19:59:44.227  WARN 3120 --- [TaskBatchingWorker-target_localhost-15] c.n.eureka.util.batcher.TaskExecutors    : Discarding 1 tasks of TaskBatchingWorker-target_localhost-15 due to permanent error
2020-03-11 19:59:51.994 ERROR 3120 --- [TaskBatchingWorker-target_localhost-18] c.n.e.cluster.ReplicationTaskProcessor   : Batch update failure with HTTP status code 401; discarding 1 replication tasks
2020-03-11 19:59:51.994  WARN 3120 --- [TaskBatchingWorker-target_localhost-18] c.n.eureka.util.batcher.TaskExecutors    : Discarding 1 tasks of TaskBatchingWorker-target_localhost-18 due to permanent error
2020-03-11 20:00:11.783 ERROR 3120 --- [TaskBatchingWorker-target_localhost-19] c.n.e.cluster.ReplicationTaskProcessor   : Batch update failure with HTTP status code 401; discarding 1 replication tasks
2020-03-11 20:00:11.783  WARN 3120 --- [TaskBatchingWorker-target_localhost-19] c.n.eureka.util.batcher.TaskExecutors    : Discarding 1 tasks of TaskBatchingWorker-target_localhost-19 due to permanent error
2020-03-11 20:00:14.227 ERROR 3120 --- [TaskBatchingWorker-target_localhost-15] c.n.e.cluster.ReplicationTaskProcessor   : Batch update failure with HTTP status code 401; discarding 1 replication tasks
2020-03-11 20:00:14.228  WARN 3120 --- [TaskBatchingWorker-target_localhost-15] c.n.eureka.util.batcher.TaskExecutors    : Discarding 1 tasks of TaskBatchingWorker-target_localhost-15 due to permanent error
2020-03-11 20:00:22.009 ERROR 3120 --- [TaskBatchingWorker-target_localhost-18] c.n.e.cluster.ReplicationTaskProcessor   : Batch update failure with HTTP status code 401; discarding 1 replication tasks
2020-03-11 20:00:22.011  WARN 3120 --- [TaskBatchingWorker-target_localhost-18] c.n.eureka.util.batcher.TaskExecutors    : Discarding 1 tasks of TaskBatchingWorker-target_localhost-18 due to permanent error
2020-03-11 20:00:34.918  INFO 3120 --- [Eureka-EvictionTimer] c.n.e.registry.AbstractInstanceRegistry  : Running the evict task with compensationTime 0ms
2020-03-11 20:00:41.795 ERROR 3120 --- [TaskBatchingWorker-target_localhost-19] c.n.e.cluster.ReplicationTaskProcessor   : Batch update failure with HTTP status code 401; discarding 1 replication tasks
2020-03-11 20:00:41.796  WARN 3120 --- [TaskBatchingWorker-target_localhost-19] c.n.eureka.util.batcher.TaskExecutors    : Discarding 1 tasks of TaskBatchingWorker-target_localhost-19 due to permanent error
2020-03-11 20:00:44.242 ERROR 3120 --- [TaskBatchingWorker-target_localhost-4] c.n.e.cluster.ReplicationTaskProcessor   : Batch update failure with HTTP status code 401; discarding 1 replication tasks
2020-03-11 20:00:44.243  WARN 3120 --- [TaskBatchingWorker-target_localhost-4] c.n.eureka.util.batcher.TaskExecutors    : Discarding 1 tasks of TaskBatchingWorker-target_localhost-4 due to permanent error
2020-03-11 20:00:52.004 ERROR 3120 --- [TaskBatchingWorker-target_localhost-18] c.n.e.cluster.ReplicationTaskProcessor   : Batch update failure with HTTP status code 401; discarding 1 replication tasks
2020-03-11 20:00:52.005  WARN 3120 --- [TaskBatchingWorker-target_localhost-18] c.n.eureka.util.batcher.TaskExecutors    : Discarding 1 tasks of TaskBatchingWorker-target_localhost-18 due to permanent error
2020-03-11 20:01:11.801 ERROR 3120 --- [TaskBatchingWorker-target_localhost-19] c.n.e.cluster.ReplicationTaskProcessor   : Batch update failure with HTTP status code 401; discarding 1 replication tasks
2020-03-11 20:01:11.802  WARN 3120 --- [TaskBatchingWorker-target_localhost-19] c.n.eureka.util.batcher.TaskExecutors    : Discarding 1 tasks of TaskBatchingWorker-target_localhost-19 due to permanent error
2020-03-11 20:01:14.252 ERROR 3120 --- [TaskBatchingWorker-target_localhost-15] c.n.e.cluster.ReplicationTaskProcessor   : Batch update failure with HTTP status code 401; discarding 1 replication tasks
2020-03-11 20:01:14.253  WARN 3120 --- [TaskBatchingWorker-target_localhost-15] c.n.eureka.util.batcher.TaskExecutors    : Discarding 1 tasks of TaskBatchingWorker-target_localhost-15 due to permanent error
2020-03-11 20:01:22.016 ERROR 3120 --- [TaskBatchingWorker-target_localhost-18] c.n.e.cluster.ReplicationTaskProcessor   : Batch update failure with HTTP status code 401; discarding 1 replication tasks
2020-03-11 20:01:22.017  WARN 3120 --- [TaskBatchingWorker-target_localhost-18] c.n.eureka.util.batcher.TaskExecutors    : Discarding 1 tasks of TaskBatchingWorker-target_localhost-18 due to permanent error
2020-03-11 20:01:34.919  INFO 3120 --- [Eureka-EvictionTimer] c.n.e.registry.AbstractInstanceRegistry  : Running the evict task with compensationTime 0ms
2020-03-11 20:01:41.811 ERROR 3120 --- [TaskBatchingWorker-target_localhost-19] c.n.e.cluster.ReplicationTaskProcessor   : Batch update failure with HTTP status code 401; discarding 1 replication tasks
2020-03-11 20:01:41.811  WARN 3120 --- [TaskBatchingWorker-target_localhost-19] c.n.eureka.util.batcher.TaskExecutors    : Discarding 1 tasks of TaskBatchingWorker-target_localhost-19 due to permanent error
2020-03-11 20:01:44.260 ERROR 3120 --- [TaskBatchingWorker-target_localhost-4] c.n.e.cluster.ReplicationTaskProcessor   : Batch update failure with HTTP status code 401; discarding 1 replication tasks
2020-03-11 20:01:44.262  WARN 3120 --- [TaskBatchingWorker-target_localhost-4] c.n.eureka.util.batcher.TaskExecutors    : Discarding 1 tasks of TaskBatchingWorker-target_localhost-4 due to permanent error
2020-03-11 20:01:52.027 ERROR 3120 --- [TaskBatchingWorker-target_localhost-18] c.n.e.cluster.ReplicationTaskProcessor   : Batch update failure with HTTP status code 401; discarding 1 replication tasks
2020-03-11 20:01:52.028  WARN 3120 --- [TaskBatchingWorker-target_localhost-18] c.n.eureka.util.batcher.TaskExecutors    : Discarding 1 tasks of TaskBatchingWorker-target_localhost-18 due to permanent error
2020-03-11 20:02:11.823 ERROR 3120 --- [TaskBatchingWorker-target_localhost-19] c.n.e.cluster.ReplicationTaskProcessor   : Batch update failure with HTTP status code 401; discarding 1 replication tasks
2020-03-11 20:02:11.824  WARN 3120 --- [TaskBatchingWorker-target_localhost-19] c.n.eureka.util.batcher.TaskExecutors    : Discarding 1 tasks of TaskBatchingWorker-target_localhost-19 due to permanent error
2020-03-11 20:02:14.269 ERROR 3120 --- [TaskBatchingWorker-target_localhost-4] c.n.e.cluster.ReplicationTaskProcessor   : Batch update failure with HTTP status code 401; discarding 1 replication tasks
2020-03-11 20:02:14.269  WARN 3120 --- [TaskBatchingWorker-target_localhost-4] c.n.eureka.util.batcher.TaskExecutors    : Discarding 1 tasks of TaskBatchingWorker-target_localhost-4 due to permanent error
2020-03-11 20:02:22.027 ERROR 3120 --- [TaskBatchingWorker-target_localhost-18] c.n.e.cluster.ReplicationTaskProcessor   : Batch update failure with HTTP status code 401; discarding 1 replication tasks
2020-03-11 20:02:22.028  WARN 3120 --- [TaskBatchingWorker-target_localhost-18] c.n.eureka.util.batcher.TaskExecutors    : Discarding 1 tasks of TaskBatchingWorker-target_localhost-18 due to permanent error
2020-03-11 20:02:34.919  INFO 3120 --- [Eureka-EvictionTimer] c.n.e.registry.AbstractInstanceRegistry  : Running the evict task with compensationTime 0ms
2020-03-11 20:02:41.843 ERROR 3120 --- [TaskBatchingWorker-target_localhost-19] c.n.e.cluster.ReplicationTaskProcessor   : Batch update failure with HTTP status code 401; discarding 1 replication tasks
2020-03-11 20:02:41.844  WARN 3120 --- [TaskBatchingWorker-target_localhost-19] c.n.eureka.util.batcher.TaskExecutors    : Discarding 1 tasks of TaskBatchingWorker-target_localhost-19 due to permanent error
2020-03-11 20:02:44.285 ERROR 3120 --- [TaskBatchingWorker-target_localhost-4] c.n.e.cluster.ReplicationTaskProcessor   : Batch update failure with HTTP status code 401; discarding 1 replication tasks
2020-03-11 20:02:44.287  WARN 3120 --- [TaskBatchingWorker-target_localhost-4] c.n.eureka.util.batcher.TaskExecutors    : Discarding 1 tasks of TaskBatchingWorker-target_localhost-4 due to permanent error
2020-03-11 20:02:52.042 ERROR 3120 --- [TaskBatchingWorker-target_localhost-12] c.n.e.cluster.ReplicationTaskProcessor   : Batch update failure with HTTP status code 401; discarding 1 replication tasks
2020-03-11 20:02:52.043  WARN 3120 --- [TaskBatchingWorker-target_localhost-12] c.n.eureka.util.batcher.TaskExecutors    : Discarding 1 tasks of TaskBatchingWorker-target_localhost-12 due to permanent error
2020-03-11 20:03:11.844 ERROR 3120 --- [TaskBatchingWorker-target_localhost-19] c.n.e.cluster.ReplicationTaskProcessor   : Batch update failure with HTTP status code 401; discarding 1 replication tasks
2020-03-11 20:03:11.844  WARN 3120 --- [TaskBatchingWorker-target_localhost-19] c.n.eureka.util.batcher.TaskExecutors    : Discarding 1 tasks of TaskBatchingWorker-target_localhost-19 due to permanent error
2020-03-11 20:03:14.296 ERROR 3120 --- [TaskBatchingWorker-target_localhost-15] c.n.e.cluster.ReplicationTaskProcessor   : Batch update failure with HTTP status code 401; discarding 1 replication tasks
2020-03-11 20:03:14.297  WARN 3120 --- [TaskBatchingWorker-target_localhost-15] c.n.eureka.util.batcher.TaskExecutors    : Discarding 1 tasks of TaskBatchingWorker-target_localhost-15 due to permanent error
2020-03-11 20:03:22.056 ERROR 3120 --- [TaskBatchingWorker-target_localhost-18] c.n.e.cluster.ReplicationTaskProcessor   : Batch update failure with HTTP status code 401; discarding 1 replication tasks
2020-03-11 20:03:22.057  WARN 3120 --- [TaskBatchingWorker-target_localhost-18] c.n.eureka.util.batcher.TaskExecutors    : Discarding 1 tasks of TaskBatchingWorker-target_localhost-18 due to permanent error
2020-03-11 20:03:34.920  INFO 3120 --- [Eureka-EvictionTimer] c.n.e.registry.AbstractInstanceRegistry  : Running the evict task with compensationTime 0ms
2020-03-11 20:03:41.851 ERROR 3120 --- [TaskBatchingWorker-target_localhost-19] c.n.e.cluster.ReplicationTaskProcessor   : Batch update failure with HTTP status code 401; discarding 1 replication tasks
2020-03-11 20:03:41.851  WARN 3120 --- [TaskBatchingWorker-target_localhost-19] c.n.eureka.util.batcher.TaskExecutors    : Discarding 1 tasks of TaskBatchingWorker-target_localhost-19 due to permanent error
2020-03-11 20:03:44.301 ERROR 3120 --- [TaskBatchingWorker-target_localhost-15] c.n.e.cluster.ReplicationTaskProcessor   : Batch update failure with HTTP status code 401; discarding 1 replication tasks
2020-03-11 20:03:44.302  WARN 3120 --- [TaskBatchingWorker-target_localhost-15] c.n.eureka.util.batcher.TaskExecutors    : Discarding 1 tasks of TaskBatchingWorker-target_localhost-15 due to permanent error
2020-03-11 20:03:52.063 ERROR 3120 --- [TaskBatchingWorker-target_localhost-12] c.n.e.cluster.ReplicationTaskProcessor   : Batch update failure with HTTP status code 401; discarding 1 replication tasks
2020-03-11 20:03:52.064  WARN 3120 --- [TaskBatchingWorker-target_localhost-12] c.n.eureka.util.batcher.TaskExecutors    : Discarding 1 tasks of TaskBatchingWorker-target_localhost-12 due to permanent error
2020-03-11 20:04:11.849 ERROR 3120 --- [TaskBatchingWorker-target_localhost-19] c.n.e.cluster.ReplicationTaskProcessor   : Batch update failure with HTTP status code 401; discarding 1 replication tasks
2020-03-11 20:04:11.849  WARN 3120 --- [TaskBatchingWorker-target_localhost-19] c.n.eureka.util.batcher.TaskExecutors    : Discarding 1 tasks of TaskBatchingWorker-target_localhost-19 due to permanent error
2020-03-11 20:04:14.306 ERROR 3120 --- [TaskBatchingWorker-target_localhost-15] c.n.e.cluster.ReplicationTaskProcessor   : Batch update failure with HTTP status code 401; discarding 1 replication tasks
2020-03-11 20:04:14.307  WARN 3120 --- [TaskBatchingWorker-target_localhost-15] c.n.eureka.util.batcher.TaskExecutors    : Discarding 1 tasks of TaskBatchingWorker-target_localhost-15 due to permanent error
2020-03-11 20:04:22.073 ERROR 3120 --- [TaskBatchingWorker-target_localhost-12] c.n.e.cluster.ReplicationTaskProcessor   : Batch update failure with HTTP status code 401; discarding 1 replication tasks
2020-03-11 20:04:22.073  WARN 3120 --- [TaskBatchingWorker-target_localhost-12] c.n.eureka.util.batcher.TaskExecutors    : Discarding 1 tasks of TaskBatchingWorker-target_localhost-12 due to permanent error
2020-03-11 20:04:34.920  INFO 3120 --- [Eureka-EvictionTimer] c.n.e.registry.AbstractInstanceRegistry  : Running the evict task with compensationTime 0ms
2020-03-11 20:04:41.864 ERROR 3120 --- [TaskBatchingWorker-target_localhost-19] c.n.e.cluster.ReplicationTaskProcessor   : Batch update failure with HTTP status code 401; discarding 1 replication tasks
2020-03-11 20:04:41.865  WARN 3120 --- [TaskBatchingWorker-target_localhost-19] c.n.eureka.util.batcher.TaskExecutors    : Discarding 1 tasks of TaskBatchingWorker-target_localhost-19 due to permanent error
2020-03-11 20:04:44.317 ERROR 3120 --- [TaskBatchingWorker-target_localhost-15] c.n.e.cluster.ReplicationTaskProcessor   : Batch update failure with HTTP status code 401; discarding 1 replication tasks
2020-03-11 20:04:44.318  WARN 3120 --- [TaskBatchingWorker-target_localhost-15] c.n.eureka.util.batcher.TaskExecutors    : Discarding 1 tasks of TaskBatchingWorker-target_localhost-15 due to permanent error
2020-03-11 20:04:52.082 ERROR 3120 --- [TaskBatchingWorker-target_localhost-12] c.n.e.cluster.ReplicationTaskProcessor   : Batch update failure with HTTP status code 401; discarding 1 replication tasks
2020-03-11 20:04:52.083  WARN 3120 --- [TaskBatchingWorker-target_localhost-12] c.n.eureka.util.batcher.TaskExecutors    : Discarding 1 tasks of TaskBatchingWorker-target_localhost-12 due to permanent error
2020-03-11 20:05:11.874 ERROR 3120 --- [TaskBatchingWorker-target_localhost-19] c.n.e.cluster.ReplicationTaskProcessor   : Batch update failure with HTTP status code 401; discarding 1 replication tasks
2020-03-11 20:05:11.874  WARN 3120 --- [TaskBatchingWorker-target_localhost-19] c.n.eureka.util.batcher.TaskExecutors    : Discarding 1 tasks of TaskBatchingWorker-target_localhost-19 due to permanent error
2020-03-11 20:05:14.322 ERROR 3120 --- [TaskBatchingWorker-target_localhost-15] c.n.e.cluster.ReplicationTaskProcessor   : Batch update failure with HTTP status code 401; discarding 1 replication tasks
2020-03-11 20:05:14.322  WARN 3120 --- [TaskBatchingWorker-target_localhost-15] c.n.eureka.util.batcher.TaskExecutors    : Discarding 1 tasks of TaskBatchingWorker-target_localhost-15 due to permanent error
2020-03-11 20:05:22.079 ERROR 3120 --- [TaskBatchingWorker-target_localhost-12] c.n.e.cluster.ReplicationTaskProcessor   : Batch update failure with HTTP status code 401; discarding 1 replication tasks
2020-03-11 20:05:22.079  WARN 3120 --- [TaskBatchingWorker-target_localhost-12] c.n.eureka.util.batcher.TaskExecutors    : Discarding 1 tasks of TaskBatchingWorker-target_localhost-12 due to permanent error
2020-03-11 20:05:34.921  INFO 3120 --- [Eureka-EvictionTimer] c.n.e.registry.AbstractInstanceRegistry  : Running the evict task with compensationTime 0ms
2020-03-11 20:05:41.882 ERROR 3120 --- [TaskBatchingWorker-target_localhost-19] c.n.e.cluster.ReplicationTaskProcessor   : Batch update failure with HTTP status code 401; discarding 1 replication tasks
2020-03-11 20:05:41.883  WARN 3120 --- [TaskBatchingWorker-target_localhost-19] c.n.eureka.util.batcher.TaskExecutors    : Discarding 1 tasks of TaskBatchingWorker-target_localhost-19 due to permanent error
2020-03-11 20:05:44.330 ERROR 3120 --- [TaskBatchingWorker-target_localhost-15] c.n.e.cluster.ReplicationTaskProcessor   : Batch update failure with HTTP status code 401; discarding 1 replication tasks
2020-03-11 20:05:44.332  WARN 3120 --- [TaskBatchingWorker-target_localhost-15] c.n.eureka.util.batcher.TaskExecutors    : Discarding 1 tasks of TaskBatchingWorker-target_localhost-15 due to permanent error
2020-03-11 20:05:52.094 ERROR 3120 --- [TaskBatchingWorker-target_localhost-12] c.n.e.cluster.ReplicationTaskProcessor   : Batch update failure with HTTP status code 401; discarding 1 replication tasks
2020-03-11 20:05:52.094  WARN 3120 --- [TaskBatchingWorker-target_localhost-12] c.n.eureka.util.batcher.TaskExecutors    : Discarding 1 tasks of TaskBatchingWorker-target_localhost-12 due to permanent error
2020-03-11 20:06:11.897 ERROR 3120 --- [TaskBatchingWorker-target_localhost-19] c.n.e.cluster.ReplicationTaskProcessor   : Batch update failure with HTTP status code 401; discarding 1 replication tasks
2020-03-11 20:06:11.898  WARN 3120 --- [TaskBatchingWorker-target_localhost-19] c.n.eureka.util.batcher.TaskExecutors    : Discarding 1 tasks of TaskBatchingWorker-target_localhost-19 due to permanent error
2020-03-11 20:06:14.336 ERROR 3120 --- [TaskBatchingWorker-target_localhost-15] c.n.e.cluster.ReplicationTaskProcessor   : Batch update failure with HTTP status code 401; discarding 1 replication tasks
2020-03-11 20:06:14.337  WARN 3120 --- [TaskBatchingWorker-target_localhost-15] c.n.eureka.util.batcher.TaskExecutors    : Discarding 1 tasks of TaskBatchingWorker-target_localhost-15 due to permanent error
2020-03-11 20:06:22.099 ERROR 3120 --- [TaskBatchingWorker-target_localhost-12] c.n.e.cluster.ReplicationTaskProcessor   : Batch update failure with HTTP status code 401; discarding 1 replication tasks
2020-03-11 20:06:22.101  WARN 3120 --- [TaskBatchingWorker-target_localhost-12] c.n.eureka.util.batcher.TaskExecutors    : Discarding 1 tasks of TaskBatchingWorker-target_localhost-12 due to permanent error
2020-03-11 20:06:34.921  INFO 3120 --- [Eureka-EvictionTimer] c.n.e.registry.AbstractInstanceRegistry  : Running the evict task with compensationTime 0ms
2020-03-11 20:06:41.897 ERROR 3120 --- [TaskBatchingWorker-target_localhost-19] c.n.e.cluster.ReplicationTaskProcessor   : Batch update failure with HTTP status code 401; discarding 1 replication tasks
2020-03-11 20:06:41.897  WARN 3120 --- [TaskBatchingWorker-target_localhost-19] c.n.eureka.util.batcher.TaskExecutors    : Discarding 1 tasks of TaskBatchingWorker-target_localhost-19 due to permanent error
2020-03-11 20:06:44.348 ERROR 3120 --- [TaskBatchingWorker-target_localhost-15] c.n.e.cluster.ReplicationTaskProcessor   : Batch update failure with HTTP status code 401; discarding 1 replication tasks
2020-03-11 20:06:44.349  WARN 3120 --- [TaskBatchingWorker-target_localhost-15] c.n.eureka.util.batcher.TaskExecutors    : Discarding 1 tasks of TaskBatchingWorker-target_localhost-15 due to permanent error
2020-03-11 20:06:52.113 ERROR 3120 --- [TaskBatchingWorker-target_localhost-12] c.n.e.cluster.ReplicationTaskProcessor   : Batch update failure with HTTP status code 401; discarding 1 replication tasks
2020-03-11 20:06:52.114  WARN 3120 --- [TaskBatchingWorker-target_localhost-12] c.n.eureka.util.batcher.TaskExecutors    : Discarding 1 tasks of TaskBatchingWorker-target_localhost-12 due to permanent error
2020-03-11 20:07:11.903 ERROR 3120 --- [TaskBatchingWorker-target_localhost-19] c.n.e.cluster.ReplicationTaskProcessor   : Batch update failure with HTTP status code 401; discarding 1 replication tasks
2020-03-11 20:07:11.903  WARN 3120 --- [TaskBatchingWorker-target_localhost-19] c.n.eureka.util.batcher.TaskExecutors    : Discarding 1 tasks of TaskBatchingWorker-target_localhost-19 due to permanent error
2020-03-11 20:07:14.352 ERROR 3120 --- [TaskBatchingWorker-target_localhost-15] c.n.e.cluster.ReplicationTaskProcessor   : Batch update failure with HTTP status code 401; discarding 1 replication tasks
2020-03-11 20:07:14.353  WARN 3120 --- [TaskBatchingWorker-target_localhost-15] c.n.eureka.util.batcher.TaskExecutors    : Discarding 1 tasks of TaskBatchingWorker-target_localhost-15 due to permanent error
2020-03-11 20:07:22.125 ERROR 3120 --- [TaskBatchingWorker-target_localhost-12] c.n.e.cluster.ReplicationTaskProcessor   : Batch update failure with HTTP status code 401; discarding 1 replication tasks
2020-03-11 20:07:22.127  WARN 3120 --- [TaskBatchingWorker-target_localhost-12] c.n.eureka.util.batcher.TaskExecutors    : Discarding 1 tasks of TaskBatchingWorker-target_localhost-12 due to permanent error
2020-03-11 20:07:34.922  INFO 3120 --- [Eureka-EvictionTimer] c.n.e.registry.AbstractInstanceRegistry  : Running the evict task with compensationTime 0ms
2020-03-11 20:07:41.918 ERROR 3120 --- [TaskBatchingWorker-target_localhost-19] c.n.e.cluster.ReplicationTaskProcessor   : Batch update failure with HTTP status code 401; discarding 1 replication tasks
2020-03-11 20:07:41.918  WARN 3120 --- [TaskBatchingWorker-target_localhost-19] c.n.eureka.util.batcher.TaskExecutors    : Discarding 1 tasks of TaskBatchingWorker-target_localhost-19 due to permanent error
2020-03-11 20:07:44.365 ERROR 3120 --- [TaskBatchingWorker-target_localhost-4] c.n.e.cluster.ReplicationTaskProcessor   : Batch update failure with HTTP status code 401; discarding 1 replication tasks
2020-03-11 20:07:44.366  WARN 3120 --- [TaskBatchingWorker-target_localhost-4] c.n.eureka.util.batcher.TaskExecutors    : Discarding 1 tasks of TaskBatchingWorker-target_localhost-4 due to permanent error
2020-03-11 20:07:52.141 ERROR 3120 --- [TaskBatchingWorker-target_localhost-12] c.n.e.cluster.ReplicationTaskProcessor   : Batch update failure with HTTP status code 401; discarding 1 replication tasks
2020-03-11 20:07:52.142  WARN 3120 --- [TaskBatchingWorker-target_localhost-12] c.n.eureka.util.batcher.TaskExecutors    : Discarding 1 tasks of TaskBatchingWorker-target_localhost-12 due to permanent error
2020-03-11 20:08:11.920 ERROR 3120 --- [TaskBatchingWorker-target_localhost-19] c.n.e.cluster.ReplicationTaskProcessor   : Batch update failure with HTTP status code 401; discarding 1 replication tasks
2020-03-11 20:08:11.921  WARN 3120 --- [TaskBatchingWorker-target_localhost-19] c.n.eureka.util.batcher.TaskExecutors    : Discarding 1 tasks of TaskBatchingWorker-target_localhost-19 due to permanent error
2020-03-11 20:08:14.369 ERROR 3120 --- [TaskBatchingWorker-target_localhost-4] c.n.e.cluster.ReplicationTaskProcessor   : Batch update failure with HTTP status code 401; discarding 1 replication tasks
2020-03-11 20:08:14.369  WARN 3120 --- [TaskBatchingWorker-target_localhost-4] c.n.eureka.util.batcher.TaskExecutors    : Discarding 1 tasks of TaskBatchingWorker-target_localhost-4 due to permanent error
2020-03-11 20:08:22.148 ERROR 3120 --- [TaskBatchingWorker-target_localhost-12] c.n.e.cluster.ReplicationTaskProcessor   : Batch update failure with HTTP status code 401; discarding 1 replication tasks
2020-03-11 20:08:22.149  WARN 3120 --- [TaskBatchingWorker-target_localhost-12] c.n.eureka.util.batcher.TaskExecutors    : Discarding 1 tasks of TaskBatchingWorker-target_localhost-12 due to permanent error
2020-03-11 20:08:29.987  INFO 3120 --- [http-nio-7001-exec-9] c.n.e.registry.AbstractInstanceRegistry  : Registered instance MICROCLOUD-ZUUL-APPLICATION/microcloud-zuul-instance with status DOWN (replication=false)
2020-03-11 20:08:30.509 ERROR 3120 --- [TaskBatchingWorker-target_localhost-19] c.n.e.cluster.ReplicationTaskProcessor   : Batch update failure with HTTP status code 401; discarding 1 replication tasks
2020-03-11 20:08:30.509  WARN 3120 --- [TaskBatchingWorker-target_localhost-19] c.n.eureka.util.batcher.TaskExecutors    : Discarding 1 tasks of TaskBatchingWorker-target_localhost-19 due to permanent error
2020-03-11 20:08:33.020  INFO 3120 --- [http-nio-7001-exec-1] c.n.e.registry.AbstractInstanceRegistry  : Cancelled instance MICROCLOUD-ZUUL-APPLICATION/microcloud-zuul-instance (replication=false)
2020-03-11 20:08:33.527 ERROR 3120 --- [TaskBatchingWorker-target_localhost-12] c.n.e.cluster.ReplicationTaskProcessor   : Batch update failure with HTTP status code 401; discarding 1 replication tasks
2020-03-11 20:08:33.528  WARN 3120 --- [TaskBatchingWorker-target_localhost-12] c.n.eureka.util.batcher.TaskExecutors    : Discarding 1 tasks of TaskBatchingWorker-target_localhost-12 due to permanent error
2020-03-11 20:08:34.800  INFO 3120 --- [ReplicaAwareInstanceRegistry - RenewalThresholdUpdater] c.n.e.r.PeerAwareInstanceRegistryImpl    : Current renewal threshold is : 0
2020-03-11 20:08:34.922  INFO 3120 --- [Eureka-EvictionTimer] c.n.e.registry.AbstractInstanceRegistry  : Running the evict task with compensationTime 0ms
2020-03-11 20:08:41.921 ERROR 3120 --- [TaskBatchingWorker-target_localhost-3] c.n.e.cluster.ReplicationTaskProcessor   : Batch update failure with HTTP status code 401; discarding 1 replication tasks
2020-03-11 20:08:41.921  WARN 3120 --- [TaskBatchingWorker-target_localhost-3] c.n.eureka.util.batcher.TaskExecutors    : Discarding 1 tasks of TaskBatchingWorker-target_localhost-3 due to permanent error
2020-03-11 20:08:44.002  INFO 3120 --- [http-nio-7001-exec-2] c.n.e.registry.AbstractInstanceRegistry  : Registered instance MICROCLOUD-ZUUL-APPLICATION/microcloud-zuul-instance with status UP (replication=false)
2020-03-11 20:08:44.374 ERROR 3120 --- [TaskBatchingWorker-target_localhost-4] c.n.e.cluster.ReplicationTaskProcessor   : Batch update failure with HTTP status code 401; discarding 2 replication tasks
2020-03-11 20:08:44.374  WARN 3120 --- [TaskBatchingWorker-target_localhost-4] c.n.eureka.util.batcher.TaskExecutors    : Discarding 2 tasks of TaskBatchingWorker-target_localhost-4 due to permanent error
2020-03-11 20:08:56.672  INFO 3120 --- [http-nio-7001-exec-4] c.n.e.registry.AbstractInstanceRegistry  : Registered instance MICROCLOUD-PROVIDER-USER/microcloud-provider-user with status DOWN (replication=false)
2020-03-11 20:08:57.183 ERROR 3120 --- [TaskBatchingWorker-target_localhost-18] c.n.e.cluster.ReplicationTaskProcessor   : Batch update failure with HTTP status code 401; discarding 1 replication tasks
2020-03-11 20:08:57.184  WARN 3120 --- [TaskBatchingWorker-target_localhost-18] c.n.eureka.util.batcher.TaskExecutors    : Discarding 1 tasks of TaskBatchingWorker-target_localhost-18 due to permanent error
2020-03-11 20:08:59.696  INFO 3120 --- [http-nio-7001-exec-5] c.n.e.registry.AbstractInstanceRegistry  : Cancelled instance MICROCLOUD-PROVIDER-USER/microcloud-provider-user (replication=false)
2020-03-11 20:09:00.201 ERROR 3120 --- [TaskBatchingWorker-target_localhost-1] c.n.e.cluster.ReplicationTaskProcessor   : Batch update failure with HTTP status code 401; discarding 1 replication tasks
2020-03-11 20:09:00.201  WARN 3120 --- [TaskBatchingWorker-target_localhost-1] c.n.eureka.util.batcher.TaskExecutors    : Discarding 1 tasks of TaskBatchingWorker-target_localhost-1 due to permanent error
2020-03-11 20:09:11.648  INFO 3120 --- [http-nio-7001-exec-10] c.n.e.registry.AbstractInstanceRegistry  : Registered instance MICROCLOUD-PROVIDER-USER/microcloud-provider-user with status UP (replication=false)
2020-03-11 20:09:12.158 ERROR 3120 --- [TaskBatchingWorker-target_localhost-18] c.n.e.cluster.ReplicationTaskProcessor   : Batch update failure with HTTP status code 401; discarding 1 replication tasks
2020-03-11 20:09:12.158  WARN 3120 --- [TaskBatchingWorker-target_localhost-18] c.n.eureka.util.batcher.TaskExecutors    : Discarding 1 tasks of TaskBatchingWorker-target_localhost-18 due to permanent error
2020-03-11 20:09:14.382 ERROR 3120 --- [TaskBatchingWorker-target_localhost-17] c.n.e.cluster.ReplicationTaskProcessor   : Batch update failure with HTTP status code 401; discarding 2 replication tasks
2020-03-11 20:09:14.382  WARN 3120 --- [TaskBatchingWorker-target_localhost-17] c.n.eureka.util.batcher.TaskExecutors    : Discarding 2 tasks of TaskBatchingWorker-target_localhost-17 due to permanent error
2020-03-11 20:09:22.734  INFO 3120 --- [http-nio-7001-exec-7] c.n.e.registry.AbstractInstanceRegistry  : Registered instance MICROCLOUD-PROVIDER-PRODUCT/microcloud-provider-product-instance1 with status DOWN (replication=false)
2020-03-11 20:09:23.300 ERROR 3120 --- [TaskBatchingWorker-target_localhost-1] c.n.e.cluster.ReplicationTaskProcessor   : Batch update failure with HTTP status code 401; discarding 1 replication tasks
2020-03-11 20:09:23.300  WARN 3120 --- [TaskBatchingWorker-target_localhost-1] c.n.eureka.util.batcher.TaskExecutors    : Discarding 1 tasks of TaskBatchingWorker-target_localhost-1 due to permanent error
2020-03-11 20:09:25.757  INFO 3120 --- [http-nio-7001-exec-9] c.n.e.registry.AbstractInstanceRegistry  : Cancelled instance MICROCLOUD-PROVIDER-PRODUCT/microcloud-provider-product-instance1 (replication=false)
2020-03-11 20:09:26.272 ERROR 3120 --- [TaskBatchingWorker-target_localhost-1] c.n.e.cluster.ReplicationTaskProcessor   : Batch update failure with HTTP status code 401; discarding 1 replication tasks
2020-03-11 20:09:26.272  WARN 3120 --- [TaskBatchingWorker-target_localhost-1] c.n.eureka.util.batcher.TaskExecutors    : Discarding 1 tasks of TaskBatchingWorker-target_localhost-1 due to permanent error
2020-03-11 20:09:34.923  INFO 3120 --- [Eureka-EvictionTimer] c.n.e.registry.AbstractInstanceRegistry  : Running the evict task with compensationTime 0ms
2020-03-11 20:09:42.148 ERROR 3120 --- [TaskBatchingWorker-target_localhost-18] c.n.e.cluster.ReplicationTaskProcessor   : Batch update failure with HTTP status code 401; discarding 1 replication tasks
2020-03-11 20:09:42.149  WARN 3120 --- [TaskBatchingWorker-target_localhost-18] c.n.eureka.util.batcher.TaskExecutors    : Discarding 1 tasks of TaskBatchingWorker-target_localhost-18 due to permanent error
2020-03-11 20:09:44.506 ERROR 3120 --- [TaskBatchingWorker-target_localhost-19] c.n.e.cluster.ReplicationTaskProcessor   : Batch update failure with HTTP status code 401; discarding 1 replication tasks
2020-03-11 20:09:44.507  WARN 3120 --- [TaskBatchingWorker-target_localhost-19] c.n.eureka.util.batcher.TaskExecutors    : Discarding 1 tasks of TaskBatchingWorker-target_localhost-19 due to permanent error
2020-03-11 20:09:53.165  INFO 3120 --- [http-nio-7001-exec-10] c.n.e.registry.AbstractInstanceRegistry  : Registered instance MICROCLOUD-PROVIDER-PRODUCT/microcloud-provider-product-instance1 with status UP (replication=false)
2020-03-11 20:09:53.674 ERROR 3120 --- [TaskBatchingWorker-target_localhost-3] c.n.e.cluster.ReplicationTaskProcessor   : Batch update failure with HTTP status code 401; discarding 1 replication tasks
2020-03-11 20:09:53.674  WARN 3120 --- [TaskBatchingWorker-target_localhost-3] c.n.eureka.util.batcher.TaskExecutors    : Discarding 1 tasks of TaskBatchingWorker-target_localhost-3 due to permanent error
2020-03-11 20:09:53.878  INFO 3120 --- [http-nio-7001-exec-5] c.n.e.registry.AbstractInstanceRegistry  : Registered instance MICROCLOUD-ZUUL-APPLICATION/microcloud-zuul-instance with status DOWN (replication=false)
2020-03-11 20:09:53.884  INFO 3120 --- [http-nio-7001-exec-4] c.n.e.registry.AbstractInstanceRegistry  : Cancelled instance MICROCLOUD-ZUUL-APPLICATION/microcloud-zuul-instance (replication=false)
2020-03-11 20:09:54.386 ERROR 3120 --- [TaskBatchingWorker-target_localhost-17] c.n.e.cluster.ReplicationTaskProcessor   : Batch update failure with HTTP status code 401; discarding 2 replication tasks
2020-03-11 20:09:54.386  WARN 3120 --- [TaskBatchingWorker-target_localhost-17] c.n.eureka.util.batcher.TaskExecutors    : Discarding 2 tasks of TaskBatchingWorker-target_localhost-17 due to permanent error
2020-03-11 20:09:54.618  INFO 3120 --- [http-nio-7001-exec-8] c.n.e.registry.AbstractInstanceRegistry  : Registered instance MICROCLOUD-PROVIDER-USER/microcloud-provider-user with status DOWN (replication=false)
2020-03-11 20:09:54.624  INFO 3120 --- [http-nio-7001-exec-9] c.n.e.registry.AbstractInstanceRegistry  : Cancelled instance MICROCLOUD-PROVIDER-USER/microcloud-provider-user (replication=false)
2020-03-11 20:09:55.126 ERROR 3120 --- [TaskBatchingWorker-target_localhost-18] c.n.e.cluster.ReplicationTaskProcessor   : Batch update failure with HTTP status code 401; discarding 2 replication tasks
2020-03-11 20:09:55.126  WARN 3120 --- [TaskBatchingWorker-target_localhost-18] c.n.eureka.util.batcher.TaskExecutors    : Discarding 2 tasks of TaskBatchingWorker-target_localhost-18 due to permanent error
2020-03-11 20:09:55.407  INFO 3120 --- [http-nio-7001-exec-5] c.n.e.registry.AbstractInstanceRegistry  : Registered instance MICROCLOUD-PROVIDER-PRODUCT/microcloud-provider-product-instance1 with status DOWN (replication=false)
2020-03-11 20:09:55.412  INFO 3120 --- [http-nio-7001-exec-4] c.n.e.registry.AbstractInstanceRegistry  : Cancelled instance MICROCLOUD-PROVIDER-PRODUCT/microcloud-provider-product-instance1 (replication=false)
2020-03-11 20:09:55.915 ERROR 3120 --- [TaskBatchingWorker-target_localhost-18] c.n.e.cluster.ReplicationTaskProcessor   : Batch update failure with HTTP status code 401; discarding 2 replication tasks
2020-03-11 20:09:55.915  WARN 3120 --- [TaskBatchingWorker-target_localhost-18] c.n.eureka.util.batcher.TaskExecutors    : Discarding 2 tasks of TaskBatchingWorker-target_localhost-18 due to permanent error
2020-03-11 20:09:55.989  INFO 3120 --- [RMI TCP Connection(4)-127.0.0.1] inMXBeanRegistrar$SpringApplicationAdmin : Application shutdown requested.
2020-03-11 20:09:55.989  INFO 3120 --- [RMI TCP Connection(4)-127.0.0.1] ConfigServletWebServerApplicationContext : Closing org.springframework.boot.web.servlet.context.AnnotationConfigServletWebServerApplicationContext@1ebae60: startup date [Wed Mar 11 19:53:26 CST 2020]; parent: org.springframework.context.annotation.AnnotationConfigApplicationContext@5c1853e7
2020-03-11 20:09:55.989  INFO 3120 --- [RMI TCP Connection(5)-127.0.0.1] inMXBeanRegistrar$SpringApplicationAdmin : Application shutdown requested.
2020-03-11 20:09:55.990  INFO 3120 --- [RMI TCP Connection(4)-127.0.0.1] o.s.c.n.e.s.EurekaServiceRegistry        : Unregistering application microcloud-eureka1-application with eureka with status DOWN
2020-03-11 20:09:55.992  INFO 3120 --- [RMI TCP Connection(4)-127.0.0.1] o.s.c.support.DefaultLifecycleProcessor  : Stopping beans in phase 0
2020-03-11 20:09:55.993  INFO 3120 --- [RMI TCP Connection(4)-127.0.0.1] c.n.eureka.DefaultEurekaServerContext    : Shutting down ...
2020-03-11 20:09:55.996  INFO 3120 --- [RMI TCP Connection(4)-127.0.0.1] c.n.eureka.DefaultEurekaServerContext    : Shut down
2020-03-11 20:09:55.998  INFO 3120 --- [RMI TCP Connection(4)-127.0.0.1] o.s.j.e.a.AnnotationMBeanExporter        : Unregistering JMX-exposed beans on shutdown
2020-03-11 20:09:55.998  INFO 3120 --- [RMI TCP Connection(4)-127.0.0.1] o.s.j.e.a.AnnotationMBeanExporter        : Unregistering JMX-exposed beans
2020-03-11 20:09:56.000  INFO 3120 --- [RMI TCP Connection(4)-127.0.0.1] com.netflix.discovery.DiscoveryClient    : Shutting down DiscoveryClient ...
2020-03-11 20:09:56.000  INFO 3120 --- [RMI TCP Connection(4)-127.0.0.1] com.netflix.discovery.DiscoveryClient    : Completed shut down of DiscoveryClient
